<?xml version="1.0" encoding="UTF-8"?>
<testsuite xmlns:xsi="http://www.w3.org/2001/XMLSchema-instance" xsi:noNamespaceSchemaLocation="https://maven.apache.org/surefire/maven-surefire-plugin/xsd/surefire-test-report.xsd" name="Setupclass.TestRunner" time="416.772" tests="78" errors="2" skipped="7" failures="0">
  <properties>
    <property name="java.runtime.name" value="Java(TM) SE Runtime Environment"/>
    <property name="sun.boot.library.path" value="C:\Program Files\Java\jdk1.8.0_291\jre\bin"/>
    <property name="java.vm.version" value="25.291-b10"/>
    <property name="java.vm.vendor" value="Oracle Corporation"/>
    <property name="maven.multiModuleProjectDirectory" value="C:\Users\SLIDE QA\eclipse-workspace\SlideteamLogin"/>
    <property name="java.vendor.url" value="http://java.oracle.com/"/>
    <property name="path.separator" value=";"/>
    <property name="guice.disable.misplaced.annotation.check" value="true"/>
    <property name="java.vm.name" value="Java HotSpot(TM) 64-Bit Server VM"/>
    <property name="file.encoding.pkg" value="sun.io"/>
    <property name="user.script" value=""/>
    <property name="user.country" value="US"/>
    <property name="sun.java.launcher" value="SUN_STANDARD"/>
    <property name="sun.os.patch.level" value=""/>
    <property name="java.vm.specification.name" value="Java Virtual Machine Specification"/>
    <property name="user.dir" value="C:\Users\SLIDE QA\eclipse-workspace\SlideteamLogin"/>
    <property name="java.runtime.version" value="1.8.0_291-b10"/>
    <property name="java.awt.graphicsenv" value="sun.awt.Win32GraphicsEnvironment"/>
    <property name="java.endorsed.dirs" value="C:\Program Files\Java\jdk1.8.0_291\jre\lib\endorsed"/>
    <property name="os.arch" value="amd64"/>
    <property name="java.io.tmpdir" value="C:\Users\SLIDEQ~1\AppData\Local\Temp\"/>
    <property name="line.separator" value="&#10;"/>
    <property name="java.vm.specification.vendor" value="Oracle Corporation"/>
    <property name="user.variant" value=""/>
    <property name="os.name" value="Windows 10"/>
    <property name="classworlds.conf" value="C:\Users\SLIDE QA\eclipse-workspace\.metadata\.plugins\org.eclipse.m2e.launching\launches\m2conf14529434784739246384.tmp"/>
    <property name="sun.jnu.encoding" value="Cp1252"/>
    <property name="java.library.path" value="C:\Program Files\Java\jdk1.8.0_291\bin;C:\Windows\Sun\Java\bin;C:\Windows\system32;C:\Windows;C:/Users/SLIDE QA/.p2/pool/plugins/org.eclipse.justj.openjdk.hotspot.jre.full.win32.x86_64_17.0.0.v20211012-1059/jre/bin/server;C:/Users/SLIDE QA/.p2/pool/plugins/org.eclipse.justj.openjdk.hotspot.jre.full.win32.x86_64_17.0.0.v20211012-1059/jre/bin;C:\Windows\system32;C:\Windows;C:\Windows\System32\Wbem;C:\Windows\System32\WindowsPowerShell\v1.0\;C:\Windows\System32\OpenSSH\;C:\Program Files\apache-maven-3.8.3\bin;C:\Program Files\Java\jdk1.8.0_291\bin;C:\Program Files\Java\jre1.8.0_291\bin;C:\Program Files\Git\cmd;C:\Users\SLIDE QA\AppData\Local\Microsoft\WindowsApps;;C:\Users\SLIDE QA\Desktop;;."/>
    <property name="java.specification.name" value="Java Platform API Specification"/>
    <property name="java.class.version" value="52.0"/>
    <property name="sun.management.compiler" value="HotSpot 64-Bit Tiered Compilers"/>
    <property name="os.version" value="10.0"/>
    <property name="user.home" value="C:\Users\SLIDE QA"/>
    <property name="user.timezone" value="Asia/Calcutta"/>
    <property name="java.awt.printerjob" value="sun.awt.windows.WPrinterJob"/>
    <property name="java.specification.version" value="1.8"/>
    <property name="file.encoding" value="Cp1252"/>
    <property name="user.name" value="SLIDE QA"/>
    <property name="java.class.path" value="C:\Users\SLIDE QA\.p2\pool\plugins\org.eclipse.m2e.maven.runtime_1.18.0.20210618-2246\jars\plexus-classworlds-2.6.0.jar"/>
    <property name="java.vm.specification.version" value="1.8"/>
    <property name="sun.arch.data.model" value="64"/>
    <property name="java.home" value="C:\Program Files\Java\jdk1.8.0_291\jre"/>
    <property name="sun.java.command" value="org.codehaus.plexus.classworlds.launcher.Launcher -B test"/>
    <property name="java.specification.vendor" value="Oracle Corporation"/>
    <property name="user.language" value="en"/>
    <property name="awt.toolkit" value="sun.awt.windows.WToolkit"/>
    <property name="java.vm.info" value="mixed mode"/>
    <property name="java.version" value="1.8.0_291"/>
    <property name="java.ext.dirs" value="C:\Program Files\Java\jdk1.8.0_291\jre\lib\ext;C:\Windows\Sun\Java\lib\ext"/>
    <property name="sun.boot.class.path" value="C:\Program Files\Java\jdk1.8.0_291\jre\lib\resources.jar;C:\Program Files\Java\jdk1.8.0_291\jre\lib\rt.jar;C:\Program Files\Java\jdk1.8.0_291\jre\lib\sunrsasign.jar;C:\Program Files\Java\jdk1.8.0_291\jre\lib\jsse.jar;C:\Program Files\Java\jdk1.8.0_291\jre\lib\jce.jar;C:\Program Files\Java\jdk1.8.0_291\jre\lib\charsets.jar;C:\Program Files\Java\jdk1.8.0_291\jre\lib\jfr.jar;C:\Program Files\Java\jdk1.8.0_291\jre\classes"/>
    <property name="java.vendor" value="Oracle Corporation"/>
    <property name="maven.home" value="C:\Users\SLIDE QA\eclipse-workspace\SlideteamLogin\EMBEDDED"/>
    <property name="file.separator" value="\"/>
    <property name="java.vendor.url.bug" value="http://bugreport.sun.com/bugreport/"/>
    <property name="sun.cpu.endian" value="little"/>
    <property name="sun.io.unicode.encoding" value="UnicodeLittle"/>
    <property name="sun.desktop" value="windows"/>
    <property name="sun.cpu.isalist" value="amd64"/>
  </properties>
  <testcase name="Given User is home pagei" classname="Scenario: Login with existing facebook paid account test" time="0.002"/>
  <testcase name="Then user clicks on the Popular PPTsi" classname="Scenario: Login with existing facebook paid account test" time="0"/>
  <testcase name="Then User try to Download the ppti" classname="Scenario: Login with existing facebook paid account test" time="0"/>
  <testcase name="Then user is on Login pagei" classname="Scenario: Login with existing facebook paid account test" time="0"/>
  <testcase name="And user Enters the username and passwordi" classname="Scenario: Login with existing facebook paid account test" time="0"/>
  <testcase name="Then user clicks on Login buttoni" classname="Scenario: Login with existing facebook paid account test" time="0"/>
  <testcase name="Then user downloads the PPTi" classname="Scenario: Login with existing facebook paid account test" time="0"/>
  <testcase name="Then user clicks on the Logout pagei" classname="Scenario: Login with existing facebook paid account test" time="0"/>
  <testcase name="Then verify the Signout Messagei" classname="Scenario: Login with existing facebook paid account test" time="0"/>
  <testcase name="Scenario: Login with existing facebook paid account test" classname="Scenario: Login with existing facebook paid account test" time="0.001"/>
  <testcase name="Given User is home page_ii" classname="Scenario: Login with facebook free account" time="0"/>
  <testcase name="Then user click on the Free PPts under free stuff_ii" classname="Scenario: Login with facebook free account" time="0"/>
  <testcase name="Then User try to download the free ppts_ii" classname="Scenario: Login with facebook free account" time="0"/>
  <testcase name="Then user is on home page page and click on facebbook button_ii" classname="Scenario: Login with facebook free account" time="0"/>
  <testcase name="And user enters the free username and password_ii" classname="Scenario: Login with facebook free account" time="0"/>
  <testcase name="Then user clicks on Login button_ii" classname="Scenario: Login with facebook free account" time="0"/>
  <testcase name="Then user downloads the free PPT_ii" classname="Scenario: Login with facebook free account" time="0"/>
  <testcase name="Then user clicks on the logout page_ii" classname="Scenario: Login with facebook free account" time="0"/>
  <testcase name="Then verify The Message_ii" classname="Scenario: Login with facebook free account" time="0"/>
  <testcase name="Scenario: Login with facebook free account" classname="Scenario: Login with facebook free account" time="0.002"/>
  <testcase name="Given User is home pageiii" classname="Scenario: Login with Google existing paid account" time="0"/>
  <testcase name="Then user click on the Popular PPTsiii" classname="Scenario: Login with Google existing paid account" time="0"/>
  <testcase name="Then User try to download the pptiii" classname="Scenario: Login with Google existing paid account" time="0"/>
  <testcase name="Then user is on Login page and click on Signin with google buttoniii" classname="Scenario: Login with Google existing paid account" time="0"/>
  <testcase name="And user enters the username and passwordiii" classname="Scenario: Login with Google existing paid account" time="0"/>
  <testcase name="Then user downloads the PPTiii" classname="Scenario: Login with Google existing paid account" time="0"/>
  <testcase name="Then user clicks on the Logout pageiii" classname="Scenario: Login with Google existing paid account" time="0"/>
  <testcase name="Then verify the messageiii" classname="Scenario: Login with Google existing paid account" time="0"/>
  <testcase name="Scenario: Login with Google existing paid account" classname="Scenario: Login with Google existing paid account" time="0.001"/>
  <testcase name="Given User is home pageiiv" classname="Scenario: Login with Google free account" time="0"/>
  <testcase name="Then user click on the Free PPts under free stuffiiv" classname="Scenario: Login with Google free account" time="0"/>
  <testcase name="Then User try to download the free pptsiiv" classname="Scenario: Login with Google free account" time="0"/>
  <testcase name="Then user is on home page page and click on google buttoniiv" classname="Scenario: Login with Google free account" time="0"/>
  <testcase name="And user Enters the free username and passwordiiv" classname="Scenario: Login with Google free account" time="0.005">
    <error message="Expected condition failed: waiting for element to be clickable: By.cssSelector: #password &gt; div.aCsJod.oJeWuf &gt; div &gt; div.Xb9hP &gt; input (tried for 30 second(s) with 500 milliseconds interval)" type="org.openqa.selenium.TimeoutException">org.openqa.selenium.TimeoutException: Expected condition failed: waiting for element to be clickable: By.cssSelector: #password > div.aCsJod.oJeWuf > div > div.Xb9hP > input (tried for 30 second(s) with 500 milliseconds interval)
Caused by: org.openqa.selenium.NoSuchElementException: 
Cannot locate an element using By.cssSelector: #password > div.aCsJod.oJeWuf > div > div.Xb9hP > input
For documentation on this error, please visit: http://seleniumhq.org/exceptions/no_such_element.html
Build info: version: '3.12.0', revision: '7c6e0b3', time: '2018-05-08T14:04:26.12Z'
System info: host: 'SLIDEQA2', ip: '192.168.1.6', os.name: 'Windows 10', os.arch: 'amd64', os.version: '10.0', java.version: '1.8.0_291'
Driver info: driver.version: unknown
</error>
  </testcase>
  <testcase name="Scenario: Login with Google free account" classname="Scenario: Login with Google free account" time="0.005">
    <error message="Expected condition failed: waiting for element to be clickable: By.cssSelector: #password &gt; div.aCsJod.oJeWuf &gt; div &gt; div.Xb9hP &gt; input (tried for 30 second(s) with 500 milliseconds interval)" type="org.openqa.selenium.TimeoutException">org.openqa.selenium.TimeoutException: Expected condition failed: waiting for element to be clickable: By.cssSelector: #password > div.aCsJod.oJeWuf > div > div.Xb9hP > input (tried for 30 second(s) with 500 milliseconds interval)
Caused by: org.openqa.selenium.NoSuchElementException: 
Cannot locate an element using By.cssSelector: #password > div.aCsJod.oJeWuf > div > div.Xb9hP > input
For documentation on this error, please visit: http://seleniumhq.org/exceptions/no_such_element.html
Build info: version: '3.12.0', revision: '7c6e0b3', time: '2018-05-08T14:04:26.12Z'
System info: host: 'SLIDEQA2', ip: '192.168.1.6', os.name: 'Windows 10', os.arch: 'amd64', os.version: '10.0', java.version: '1.8.0_291'
Driver info: driver.version: unknown
</error>
  </testcase>
  <testcase name="Then user downloads the free PPTiiv" classname="Scenario: Login with Google free account" time="0">
    <skipped/>
  </testcase>
  <testcase name="Then user clicks on the Logout pageiiv" classname="Scenario: Login with Google free account" time="0">
    <skipped/>
  </testcase>
  <testcase name="Then verify the messageiiv" classname="Scenario: Login with Google free account" time="0">
    <skipped/>
  </testcase>
  <testcase name="Given User is home page_vi" classname="Scenario: Login with normal paid account" time="0"/>
  <testcase name="Then user click on the Popular PPTs_vi" classname="Scenario: Login with normal paid account" time="0"/>
  <testcase name="Then User try to download the ppt_vi" classname="Scenario: Login with normal paid account" time="0"/>
  <testcase name="Then user is on Login page_vi" classname="Scenario: Login with normal paid account" time="0"/>
  <testcase name="And user enters the username and password_vi" classname="Scenario: Login with normal paid account" time="0"/>
  <testcase name="Then user clicks on Login button_vi" classname="Scenario: Login with normal paid account" time="0"/>
  <testcase name="Then user downloads the PPT_vi" classname="Scenario: Login with normal paid account" time="0"/>
  <testcase name="Then user clicks on the Logout page_vi" classname="Scenario: Login with normal paid account" time="0"/>
  <testcase name="Then verify the message_vi" classname="Scenario: Login with normal paid account" time="0"/>
  <testcase name="Scenario: Login with normal paid account" classname="Scenario: Login with normal paid account" time="0"/>
  <testcase name="Given Now user is on Home Page" classname="Scenario: SLI popup test with escape key" time="0"/>
  <testcase name="Then Enter data in search field" classname="Scenario: SLI popup test with escape key" time="0"/>
  <testcase name="Then press escape key" classname="Scenario: SLI popup test with escape key" time="0"/>
  <testcase name="Then verify the pop-up" classname="Scenario: SLI popup test with escape key" time="0"/>
  <testcase name="Then Click on Sign in button" classname="Scenario: SLI popup test with escape key" time="0"/>
  <testcase name="And Enter free valid username and password" classname="Scenario: SLI popup test with escape key" time="0"/>
  <testcase name="Then enter data in Search field" classname="Scenario: SLI popup test with escape key" time="0">
    <skipped/>
  </testcase>
  <testcase name="Then Press Escape key" classname="Scenario: SLI popup test with escape key" time="0">
    <skipped/>
  </testcase>
  <testcase name="Then verify the Pop-up" classname="Scenario: SLI popup test with escape key" time="0">
    <skipped/>
  </testcase>
  <testcase name="Scenario: SLI popup test with escape key" classname="Scenario: SLI popup test with escape key" time="0">
    <skipped/>
  </testcase>
  <testcase name="Scenario: SLI popup test with escape key" classname="Scenario: SLI popup test with escape key" time="0.002"/>
  <testcase name="Given User is home page_vii" classname="Scenario: SLI search facebook login test" time="0"/>
  <testcase name="Then user will clicks on the sign in with Facebook button_vii" classname="Scenario: SLI search facebook login test" time="0"/>
  <testcase name="And user enters the username and password_vii" classname="Scenario: SLI search facebook login test" time="0"/>
  <testcase name="Then user verify the page after login_vii" classname="Scenario: SLI search facebook login test" time="0"/>
  <testcase name="Then enter keyword in search field_vii" classname="Scenario: SLI search facebook login test" time="0"/>
  <testcase name="Then user selects and download the PPT_vii" classname="Scenario: SLI search facebook login test" time="0"/>
  <testcase name="Then user clicks on the Logout page_vii" classname="Scenario: SLI search facebook login test" time="0"/>
  <testcase name="Then verify the message_vii" classname="Scenario: SLI search facebook login test" time="0"/>
  <testcase name="Scenario: SLI search facebook login test" classname="Scenario: SLI search facebook login test" time="0.001"/>
  <testcase name="Given User is home page_viii" classname="Scenario: SLI search Google login test" time="0"/>
  <testcase name="Then Enter keyword in search field_viii" classname="Scenario: SLI search Google login test" time="0"/>
  <testcase name="Then user will clicks on the sign in with Google button_viii" classname="Scenario: SLI search Google login test" time="0"/>
  <testcase name="And user enters the username and password_viii" classname="Scenario: SLI search Google login test" time="0"/>
  <testcase name="Then user verify the page_viii" classname="Scenario: SLI search Google login test" time="0"/>
  <testcase name="Then enter Keyword in search field_viii" classname="Scenario: SLI search Google login test" time="0"/>
  <testcase name="Then user selects and download the PPT_viii" classname="Scenario: SLI search Google login test" time="0"/>
  <testcase name="Then user clicks on the Logout page_viii" classname="Scenario: SLI search Google login test" time="0"/>
  <testcase name="Then verify the message_viii" classname="Scenario: SLI search Google login test" time="0"/>
  <testcase name="Scenario: SLI search Google login test" classname="Scenario: SLI search Google login test" time="0.001"/>
</testsuite>